<?xml version="1.0" encoding="UTF-8"?>
<testng-results skipped="0" failed="0" total="1" passed="1">
  <reporter-output>
  </reporter-output>
  <suite name="Default suite" duration-ms="9262" started-at="2019-06-30T22:58:13Z" finished-at="2019-06-30T22:58:22Z">
    <groups>
      <group name="cucumber">
        <method signature="AbstractTestNGCucumberTests.feature(cucumber.api.testng.CucumberFeatureWrapper)[pri:0, instance:hrm.runner.HrmRunner$hrmRunner@53b32d7]" name="feature" class="cucumber.api.testng.AbstractTestNGCucumberTests"/>
      </group> <!-- cucumber -->
    </groups>
    <test name="Default test" duration-ms="9262" started-at="2019-06-30T22:58:13Z" finished-at="2019-06-30T22:58:22Z">
      <class name="hrm.runner.HrmRunner$hrmRunner">
        <test-method status="PASS" signature="setUpClass()[pri:0, instance:hrm.runner.HrmRunner$hrmRunner@53b32d7]" name="setUpClass" is-config="true" duration-ms="157" started-at="2019-06-30T18:58:13Z" finished-at="2019-06-30T18:58:13Z">
          <reporter-output>
          </reporter-output>
        </test-method> <!-- setUpClass -->
        <test-method status="PASS" signature="feature(cucumber.api.testng.CucumberFeatureWrapper)[pri:0, instance:hrm.runner.HrmRunner$hrmRunner@53b32d7]" name="feature" duration-ms="8830" started-at="2019-06-30T18:58:13Z" description="Runs Cucumber Feature" data-provider="features" finished-at="2019-06-30T18:58:22Z">
          <params>
            <param index="0">
              <value>
                <![CDATA[featured functionality on the webpage]]>
              </value>
            </param>
          </params>
          <reporter-output>
          </reporter-output>
        </test-method> <!-- feature -->
        <test-method status="PASS" signature="writeExtentReport()[pri:0, instance:hrm.runner.HrmRunner$hrmRunner@53b32d7]" name="writeExtentReport" is-config="true" duration-ms="10" started-at="2019-06-30T18:58:22Z" finished-at="2019-06-30T18:58:22Z">
          <reporter-output>
          </reporter-output>
        </test-method> <!-- writeExtentReport -->
        <test-method status="PASS" signature="tearDownClass()[pri:0, instance:hrm.runner.HrmRunner$hrmRunner@53b32d7]" name="tearDownClass" is-config="true" duration-ms="203" started-at="2019-06-30T18:58:22Z" finished-at="2019-06-30T18:58:22Z">
          <reporter-output>
          </reporter-output>
        </test-method> <!-- tearDownClass -->
      </class> <!-- hrm.runner.HrmRunner$hrmRunner -->
    </test> <!-- Default test -->
  </suite> <!-- Default suite -->
</testng-results>
